<?xml version="1.0" encoding="UTF-8"?>
<testng-results skipped="0" failed="0" ignored="0" total="1" passed="1">
  <reporter-output>
  </reporter-output>
  <suite name="Default suite" duration-ms="2337" started-at="2021-01-24T05:52:21Z" finished-at="2021-01-24T05:52:23Z">
    <groups>
    </groups>
    <test name="Default test" duration-ms="2337" started-at="2021-01-24T05:52:21Z" finished-at="2021-01-24T05:52:23Z">
      <class name="getCheck.GetRequest">
        <test-method status="PASS" signature="getcharitydetails()[pri:0, instance:getCheck.GetRequest@cb5822]" name="getcharitydetails" duration-ms="2316" started-at="2021-01-24T05:52:21Z" finished-at="2021-01-24T05:52:23Z">
          <reporter-output>
          </reporter-output>
        </test-method> <!-- getcharitydetails -->
      </class> <!-- getCheck.GetRequest -->
    </test> <!-- Default test -->
  </suite> <!-- Default suite -->
</testng-results>
